<?xml version="1.0" encoding="UTF-8"?>
<!-- Generated by org.testng.reporters.JUnitXMLReporter -->
<testsuite hostname="X8002009" ignored="0" name="Home Page " tests="4" failures="0" timestamp="2020-05-23T16:18:08 CDT" time="0.337" errors="0">
  <testcase name="@BeforeTest intialization" time="0.02" classname="Academy.HomePage">
    <failure type="java.lang.NullPointerException">
      <![CDATA[java.lang.NullPointerException
at resources.base.invokeBrowser(base.java:29)
at Academy.HomePage.intialization(HomePage.java:24)
at java.util.concurrent.FutureTask.run(Unknown Source)
at java.util.concurrent.ThreadPoolExecutor.runWorker(Unknown Source)
at java.util.concurrent.ThreadPoolExecutor$Worker.run(Unknown Source)
at java.lang.Thread.run(Unknown Source)
... Removed 15 stack frames]]>
    </failure>
  </testcase> <!-- @BeforeTest intialization -->
  <testcase name="@AfterTest teardown" time="-1.590268688262E9" classname="Academy.HomePage">
    <skipped/>
  </testcase> <!-- @AfterTest teardown -->
  <testcase name="basePageNavigation" time="0.0" classname="Academy.HomePage">
    <skipped/>
  </testcase> <!-- basePageNavigation -->
  <testcase name="headerValidation" time="0.0" classname="Academy.Validation">
    <skipped/>
  </testcase> <!-- headerValidation -->
  <testcase name="basePageNavigation" time="0.0" classname="Academy.HomePage">
    <skipped/>
  </testcase> <!-- basePageNavigation -->
  <testcase name="validateCourses" time="0.0" classname="Academy.Validation">
    <skipped/>
  </testcase> <!-- validateCourses -->
</testsuite> <!-- Home Page  -->
