<?xml version="1.0" encoding="UTF-8"?>
<!-- Generated by org.testng.reporters.JUnitXMLReporter -->
<testsuite hostname="X8002009" ignored="0" name="Test" tests="3" failures="0" timestamp="2020-05-19T14:02:13 CDT" time="41.343" errors="0">
  <testcase name="validateCourses" time="0.491" classname="Academy.Validation"/>
  <testcase name="basePageNavigation" time="19.138" classname="Academy.HomePage"/>
  <testcase name="basePageNavigation" time="10.387" classname="Academy.HomePage"/>
</testsuite> <!-- Test -->
