<?xml version="1.0" encoding="UTF-8"?>
<!-- Generated by org.testng.reporters.JUnitXMLReporter -->
<testsuite hostname="X8002009" ignored="0" tests="0" failures="0" timestamp="2020-05-23T16:18:07 CDT" time="0.033" errors="0">
  <testcase name="@BeforeTest intialization" time="0.019" classname="Academy.Validation">
    <failure type="java.lang.NullPointerException">
      <![CDATA[java.lang.NullPointerException
at resources.base.invokeBrowser(base.java:29)
at Academy.Validation.intialization(Validation.java:23)
at java.util.concurrent.FutureTask.run(Unknown Source)
at java.util.concurrent.ThreadPoolExecutor.runWorker(Unknown Source)
at java.util.concurrent.ThreadPoolExecutor$Worker.run(Unknown Source)
at java.lang.Thread.run(Unknown Source)
... Removed 15 stack frames]]>
    </failure>
  </testcase> <!-- @BeforeTest intialization -->
</testsuite>
