<?xml version="1.0" encoding="UTF-8"?>
<!-- Generated by org.testng.reporters.JUnitXMLReporter -->
<testsuite ignored="0" hostname="X8002009" failures="1" tests="4" name="Home Page " time="30.785" errors="0" timestamp="2020-05-23T16:20:40 CDT">
  <testcase classname="Academy.Validation" name="headerValidation" time="0.017">
    <failure type="java.lang.NullPointerException">
      <![CDATA[java.lang.NullPointerException
at Academy.Validation.headerValidation(Validation.java:46)
at java.base/java.util.ArrayList.forEach(ArrayList.java:1507)
at java.base/java.util.concurrent.FutureTask.run(FutureTask.java:264)
at java.base/java.util.concurrent.ThreadPoolExecutor.runWorker(ThreadPoolExecutor.java:1128)
at java.base/java.util.concurrent.ThreadPoolExecutor$Worker.run(ThreadPoolExecutor.java:628)
at java.base/java.lang.Thread.run(Thread.java:830)
... Removed 18 stack frames]]>
    </failure>
  </testcase> <!-- headerValidation -->
  <testcase classname="Academy.Validation" name="validateCourses" time="0.434"/>
  <testcase classname="Academy.HomePage" name="basePageNavigation" time="18.149"/>
  <testcase classname="Academy.HomePage" name="basePageNavigation" time="8.329"/>
</testsuite> <!-- Home Page  -->
