<?xml version="1.0" encoding="UTF-8"?>
<testng-results ignored="0" total="1" passed="1" failed="0" skipped="0">
  <reporter-output>
  </reporter-output>
  <suite started-at="2020-06-09T18:21:27 CDT" name="Suite" finished-at="2020-06-09T18:22:30 CDT" duration-ms="62810">
    <groups>
      <group name="cucumber">
        <method signature="AbstractTestNGCucumberTests.feature(cucumber.api.testng.CucumberFeatureWrapper)[pri:0, instance:CucumberOption.TestRunner@702657cc]" name="feature" class="cucumber.api.testng.AbstractTestNGCucumberTests"/>
      </group> <!-- cucumber -->
    </groups>
    <test started-at="2020-06-09T18:21:27 CDT" name="Cucumber" finished-at="2020-06-09T18:22:30 CDT" duration-ms="62810">
      <class name="CucumberOption.TestRunner">
        <test-method is-config="true" signature="setUpClass()[pri:0, instance:CucumberOption.TestRunner@702657cc]" started-at="2020-06-09T18:21:27 CDT" name="setUpClass" finished-at="2020-06-09T18:21:28 CDT" duration-ms="1000" status="PASS">
          <reporter-output>
          </reporter-output>
        </test-method> <!-- setUpClass -->
        <test-method signature="feature(cucumber.api.testng.CucumberFeatureWrapper)[pri:0, instance:CucumberOption.TestRunner@702657cc]" started-at="2020-06-09T18:21:29 CDT" name="feature" description="Runs Cucumber Feature" data-provider="features" finished-at="2020-06-09T18:22:30 CDT" duration-ms="61271" status="PASS">
          <params>
            <param index="0">
              <value>
                <![CDATA[Login into Application]]>
              </value>
            </param>
          </params>
          <reporter-output>
          </reporter-output>
        </test-method> <!-- feature -->
        <test-method is-config="true" signature="tearDownClass()[pri:0, instance:CucumberOption.TestRunner@702657cc]" started-at="2020-06-09T18:22:30 CDT" name="tearDownClass" finished-at="2020-06-09T18:22:30 CDT" duration-ms="12" status="PASS">
          <reporter-output>
          </reporter-output>
        </test-method> <!-- tearDownClass -->
      </class> <!-- CucumberOption.TestRunner -->
    </test> <!-- Cucumber -->
  </suite> <!-- Suite -->
</testng-results>
